<?xml version="1.0" encoding="UTF-8"?>
<!-- Generated by org.testng.reporters.JUnitXMLReporter -->
<testsuite ignored="0" hostname="DESKTOP-S0OT7OH" failures="1" tests="1" name="Test" time="22.397" errors="0" timestamp="2023-03-08T10:56:13 IST">
  <testcase classname="Organization.CreateOrganizationTest" name="CreateOrganization" time="6.052">
    <failure type="java.lang.AssertionError" message="expected [true] but found [false]">
      <![CDATA[java.lang.AssertionError: expected [true] but found [false]
at Organization.CreateOrganizationTest.CreateOrganization(CreateOrganizationTest.java:102)
at java.base/java.util.ArrayList.forEach(ArrayList.java:1511)
... Removed 31 stack frames]]>
    </failure>
  </testcase> <!-- CreateOrganization -->
</testsuite> <!-- Test -->
